#! /c/Source/iverilog-install/bin/vvp
:ivl_version "12.0 (devel)" "(s20150603-1539-g2693dd32b)";
:ivl_delay_selection "TYPICAL";
:vpi_time_precision - 12;
:vpi_module "C:\iverilog\lib\ivl\system.vpi";
:vpi_module "C:\iverilog\lib\ivl\vhdl_sys.vpi";
:vpi_module "C:\iverilog\lib\ivl\vhdl_textio.vpi";
:vpi_module "C:\iverilog\lib\ivl\v2005_math.vpi";
:vpi_module "C:\iverilog\lib\ivl\va_math.vpi";
S_0000019c642cb700 .scope module, "tb_processing_element" "tb_processing_element" 2 5;
 .timescale -9 -12;
P_0000019c642c96e0 .param/l "CLOCK_PS" 0 2 10, +C4<00000000000000000010011100010000>;
P_0000019c642c9718 .param/l "HCLOCK_PS" 1 2 11, +C4<00000000000000000001001110001000>;
P_0000019c642c9750 .param/l "PEMODE_PS" 1 3 10, C4<1>;
P_0000019c642c9788 .param/l "PEMODE_WL" 1 3 9, C4<0>;
P_0000019c642c97c0 .param/l "WORDWIDTH" 1 2 12, +C4<00000000000000000000000000001000>;
v0000019c64163290_0 .var "a_in", 8 0;
v0000019c64163330_0 .net "a_out", 8 0, L_0000019c6416b060;  1 drivers
v0000019c641633d0_0 .var "clk", 0 0;
v0000019c64163470_0 .var "mode", 0 0;
v0000019c64163510_0 .net "ps_out", 32 0, L_0000019c6416aff0;  1 drivers
v0000019c64163b00_0 .var "reset_n", 0 0;
v0000019c64163ce0_0 .var "w_in", 8 0;
S_0000019c641566e0 .scope begin, "CLOCK_GENERATOR" "CLOCK_GENERATOR" 2 42, 2 42 0, S_0000019c642cb700;
 .timescale -9 -12;
S_0000019c64156870 .scope begin, "PE_TEST" "PE_TEST" 2 50, 2 50 0, S_0000019c642cb700;
 .timescale -9 -12;
S_0000019c642ce590 .scope module, "pe" "ProcessingElementWS" 2 28, 4 10 0, S_0000019c642cb700;
 .timescale 0 0;
    .port_info 0 /INPUT 1 "clk";
    .port_info 1 /INPUT 1 "reset_n";
    .port_info 2 /INPUT 1 "mode";
    .port_info 3 /INPUT 9 "w_in";
    .port_info 4 /INPUT 9 "a_in";
    .port_info 5 /OUTPUT 9 "a_out";
    .port_info 6 /OUTPUT 33 "ps_out";
P_0000019c642ce720 .param/l "PEMODE_PS" 1 3 10, C4<1>;
P_0000019c642ce758 .param/l "PEMODE_WL" 1 3 9, C4<0>;
P_0000019c642ce790 .param/l "WORDWIDTH" 0 4 11, +C4<00000000000000000000000000001000>;
L_0000019c6416b060 .functor BUFZ 9, v0000019c641b4ff0_0, C4<000000000>, C4<000000000>, C4<000000000>;
L_0000019c6416aff0 .functor BUFZ 33, v0000019c641b51d0_0, C4<000000000000000000000000000000000>, C4<000000000000000000000000000000000>, C4<000000000000000000000000000000000>;
v0000019c642ce960_0 .net "a_in", 8 0, v0000019c64163290_0;  1 drivers
v0000019c642c67a0_0 .net "a_out", 8 0, L_0000019c6416b060;  alias, 1 drivers
v0000019c641b4ff0_0 .var "activation", 8 0;
v0000019c641b5090_0 .net "clk", 0 0, v0000019c641633d0_0;  1 drivers
v0000019c641b5130_0 .net "mode", 0 0, v0000019c64163470_0;  1 drivers
v0000019c641b51d0_0 .var "partial_sum", 32 0;
v0000019c641b5270_0 .net "ps_out", 32 0, L_0000019c6416aff0;  alias, 1 drivers
v0000019c641b5310_0 .net "reset_n", 0 0, v0000019c64163b00_0;  1 drivers
v0000019c641b53b0_0 .net "w_in", 8 0, v0000019c64163ce0_0;  1 drivers
v0000019c641b5450_0 .var "weight", 8 0;
E_0000019c641562e0/0 .event negedge, v0000019c641b5310_0;
E_0000019c641562e0/1 .event posedge, v0000019c641b5090_0;
E_0000019c641562e0 .event/or E_0000019c641562e0/0, E_0000019c641562e0/1;
S_0000019c642ce7d0 .scope begin, "PSUM_CALC" "PSUM_CALC" 4 33, 4 33 0, S_0000019c642ce590;
 .timescale 0 0;
    .scope S_0000019c642ce590;
T_0 ;
    %wait E_0000019c641562e0;
    %fork t_1, S_0000019c642ce7d0;
    %jmp t_0;
    .scope S_0000019c642ce7d0;
t_1 ;
    %load/vec4 v0000019c641b5310_0;
    %cmpi/e 0, 0, 1;
    %jmp/0xz  T_0.0, 4;
    %pushi/vec4 0, 0, 9;
    %assign/vec4 v0000019c641b5450_0, 0;
    %pushi/vec4 0, 0, 9;
    %assign/vec4 v0000019c641b4ff0_0, 0;
    %pushi/vec4 0, 0, 33;
    %assign/vec4 v0000019c641b51d0_0, 0;
    %jmp T_0.1;
T_0.0 ;
    %load/vec4 v0000019c641b5130_0;
    %cmpi/e 0, 0, 1;
    %jmp/0xz  T_0.2, 4;
    %load/vec4 v0000019c641b53b0_0;
    %assign/vec4 v0000019c641b5450_0, 0;
    %jmp T_0.3;
T_0.2 ;
    %load/vec4 v0000019c641b5130_0;
    %cmpi/e 1, 0, 1;
    %jmp/0xz  T_0.4, 4;
    %load/vec4 v0000019c642ce960_0;
    %assign/vec4 v0000019c641b4ff0_0, 0;
    %load/vec4 v0000019c641b51d0_0;
    %load/vec4 v0000019c641b5450_0;
    %pad/u 33;
    %load/vec4 v0000019c642ce960_0;
    %pad/u 33;
    %mul;
    %add;
    %assign/vec4 v0000019c641b51d0_0, 0;
T_0.4 ;
T_0.3 ;
T_0.1 ;
    %end;
    .scope S_0000019c642ce590;
t_0 %join;
    %jmp T_0;
    .thread T_0;
    .scope S_0000019c642cb700;
T_1 ;
    %fork t_3, S_0000019c641566e0;
    %jmp t_2;
    .scope S_0000019c641566e0;
t_3 ;
    %pushi/vec4 0, 0, 1;
    %store/vec4 v0000019c641633d0_0, 0, 1;
T_1.0 ;
    %delay 5000000, 0;
    %load/vec4 v0000019c641633d0_0;
    %inv;
    %store/vec4 v0000019c641633d0_0, 0, 1;
    %jmp T_1.0;
    %end;
    .scope S_0000019c642cb700;
t_2 %join;
    %end;
    .thread T_1;
    .scope S_0000019c642cb700;
T_2 ;
    %fork t_5, S_0000019c64156870;
    %jmp t_4;
    .scope S_0000019c64156870;
t_5 ;
    %vpi_call 2 51 "$dumpfile", "tb_processing_element.vcd" {0 0 0};
    %vpi_call 2 52 "$dumpvars", 32'sb11111111111111111111111111111111, S_0000019c642ce590 {0 0 0};
    %vpi_call 2 53 "$monitor", "a_out:  %d\012", v0000019c64163330_0 {0 0 0};
    %vpi_call 2 54 "$monitor", "ps_out: %d\012", v0000019c64163510_0 {0 0 0};
    %pushi/vec4 3, 0, 9;
    %store/vec4 v0000019c64163ce0_0, 0, 9;
    %pushi/vec4 2, 0, 9;
    %store/vec4 v0000019c64163290_0, 0, 9;
    %pushi/vec4 1, 0, 1;
    %store/vec4 v0000019c64163b00_0, 0, 1;
    %delay 5000000, 0;
    %pushi/vec4 0, 0, 1;
    %store/vec4 v0000019c64163b00_0, 0, 1;
    %delay 5000000, 0;
    %pushi/vec4 1, 0, 1;
    %store/vec4 v0000019c64163b00_0, 0, 1;
    %pushi/vec4 0, 0, 1;
    %store/vec4 v0000019c64163470_0, 0, 1;
    %delay 10000000, 0;
    %pushi/vec4 1, 0, 1;
    %store/vec4 v0000019c64163470_0, 0, 1;
    %delay 10000000, 0;
    %delay 10000000, 0;
    %delay 10000000, 0;
    %delay 10000000, 0;
    %delay 10000000, 0;
    %vpi_call 2 75 "$finish" {0 0 0};
    %end;
    .scope S_0000019c642cb700;
t_4 %join;
    %end;
    .thread T_2;
# The file index is used to find the file name in the following table.
:file_names 5;
    "N/A";
    "<interactive>";
    ".\tb_processing_element.v";
    "././params.v";
    "./processing_element.v";
